[    0.000000] Linux version 4.15.0-54-generic (buildd@lgw01-amd64-014) (gcc version 7.4.0 (Ubuntu 7.4.0-1ubuntu1~18.04.1)) #58-Ubuntu SMP Mon Jun 24 10:55:24 UTC 2019 (Ubuntu 4.15.0-54.58-generic 4.15.18)
[    0.000000] Command line: BOOT_IMAGE=/boot/vmlinuz-4.15.0-54-generic root=UUID=7e8b22db-9849-4abd-a8e3-491271b94bd0 ro console=tty1 console=ttyS0
[    0.000000] KERNEL supported cpus:
[    0.000000]   Intel GenuineIntel
[    0.000000]   AMD AuthenticAMD
[    0.000000]   Centaur CentaurHauls
[    0.000000] x86/fpu: Supporting XSAVE feature 0x001: 'x87 floating point registers'
[    0.000000] x86/fpu: Supporting XSAVE feature 0x002: 'SSE registers'
[    0.000000] x86/fpu: Supporting XSAVE feature 0x004: 'AVX registers'
[    0.000000] x86/fpu: xstate_offset[2]:  576, xstate_sizes[2]:  256
[    0.000000] x86/fpu: Enabled xstate features 0x7, context size is 832 bytes, using 'standard' format.
[    0.000000] e820: BIOS-provided physical RAM map:
[    0.000000] BIOS-e820: [mem 0x0000000000000000-0x000000000009fbff] usable
[    0.000000] BIOS-e820: [mem 0x000000000009fc00-0x000000000009ffff] reserved
[    0.000000] BIOS-e820: [mem 0x00000000000f0000-0x00000000000fffff] reserved
[    0.000000] BIOS-e820: [mem 0x0000000000100000-0x000000003ffeffff] usable
[    0.000000] BIOS-e820: [mem 0x000000003fff0000-0x000000003fffffff] ACPI data
[    0.000000] BIOS-e820: [mem 0x00000000fec00000-0x00000000fec00fff] reserved
[    0.000000] BIOS-e820: [mem 0x00000000fee00000-0x00000000fee00fff] reserved
[    0.000000] BIOS-e820: [mem 0x00000000fffc0000-0x00000000ffffffff] reserved
[    0.000000] NX (Execute Disable) protection: active
[    0.000000] SMBIOS 2.5 present.
[    0.000000] DMI: innotek GmbH VirtualBox/VirtualBox, BIOS VirtualBox 12/01/2006
[    0.000000] Hypervisor detected: KVM
[    0.000000] e820: last_pfn = 0x3fff0 max_arch_pfn = 0x400000000
[    0.000000] MTRR: Disabled
[    0.000000] x86/PAT: MTRRs disabled, skipping PAT initialization too.
[    0.000000] CPU MTRRs all blank - virtualized system.
[    0.000000] x86/PAT: Configuration [0-7]: WB  WT  UC- UC  WB  WT  UC- UC  
[    0.000000] found SMP MP-table at [mem 0x0009fff0-0x0009ffff] mapped at [        (ptrval)]
[    0.000000] Scanning 1 areas for low memory corruption
[    0.000000] RAMDISK: [mem 0x35987000-0x36cbafff]
[    0.000000] ACPI: Early table checksum verification disabled
[    0.000000] ACPI: RSDP 0x00000000000E0000 000024 (v02 VBOX  )
[    0.000000] ACPI: XSDT 0x000000003FFF0030 00003C (v01 VBOX   VBOXXSDT 00000001 ASL  00000061)
[    0.000000] ACPI: FACP 0x000000003FFF00F0 0000F4 (v04 VBOX   VBOXFACP 00000001 ASL  00000061)
[    0.000000] ACPI: DSDT 0x000000003FFF0470 002325 (v02 VBOX   VBOXBIOS 00000002 INTL 20100528)
[    0.000000] ACPI: FACS 0x000000003FFF0200 000040
[    0.000000] ACPI: FACS 0x000000003FFF0200 000040
[    0.000000] ACPI: APIC 0x000000003FFF0240 000054 (v02 VBOX   VBOXAPIC 00000001 ASL  00000061)
[    0.000000] ACPI: SSDT 0x000000003FFF02A0 0001CC (v01 VBOX   VBOXCPUT 00000002 INTL 20100528)
[    0.000000] No NUMA configuration found
[    0.000000] Faking a node at [mem 0x0000000000000000-0x000000003ffeffff]
[    0.000000] NODE_DATA(0) allocated [mem 0x3ffc5000-0x3ffeffff]
[    0.000000] kvm-clock: cpu 0, msr 0:3ff44001, primary cpu clock
[    0.000000] kvm-clock: Using msrs 4b564d01 and 4b564d00
[    0.000000] kvm-clock: using sched offset of 7772747651 cycles
[    0.000000] clocksource: kvm-clock: mask: 0xffffffffffffffff max_cycles: 0x1cd42e4dffb, max_idle_ns: 881590591483 ns
[    0.000000] Zone ranges:
[    0.000000]   DMA      [mem 0x0000000000001000-0x0000000000ffffff]
[    0.000000]   DMA32    [mem 0x0000000001000000-0x000000003ffeffff]
[    0.000000]   Normal   empty
[    0.000000]   Device   empty
[    0.000000] Movable zone start for each node
[    0.000000] Early memory node ranges
[    0.000000]   node   0: [mem 0x0000000000001000-0x000000000009efff]
[    0.000000]   node   0: [mem 0x0000000000100000-0x000000003ffeffff]
[    0.000000] Reserved but unavailable: 114 pages
[    0.000000] Initmem setup node 0 [mem 0x0000000000001000-0x000000003ffeffff]
[    0.000000] ACPI: PM-Timer IO Port: 0x4008
[    0.000000] IOAPIC[0]: apic_id 1, version 32, address 0xfec00000, GSI 0-23
[    0.000000] ACPI: INT_SRC_OVR (bus 0 bus_irq 0 global_irq 2 dfl dfl)
[    0.000000] ACPI: INT_SRC_OVR (bus 0 bus_irq 9 global_irq 9 low level)
[    0.000000] Using ACPI (MADT) for SMP configuration information
[    0.000000] smpboot: Allowing 1 CPUs, 0 hotplug CPUs
[    0.000000] PM: Registered nosave memory: [mem 0x00000000-0x00000fff]
[    0.000000] PM: Registered nosave memory: [mem 0x0009f000-0x0009ffff]
[    0.000000] PM: Registered nosave memory: [mem 0x000a0000-0x000effff]
[    0.000000] PM: Registered nosave memory: [mem 0x000f0000-0x000fffff]
[    0.000000] e820: [mem 0x40000000-0xfebfffff] available for PCI devices
[    0.000000] Booting paravirtualized kernel on KVM
[    0.000000] clocksource: refined-jiffies: mask: 0xffffffff max_cycles: 0xffffffff, max_idle_ns: 7645519600211568 ns
[    0.000000] random: get_random_bytes called from start_kernel+0x99/0x4fd with crng_init=0
[    0.000000] setup_percpu: NR_CPUS:8192 nr_cpumask_bits:1 nr_cpu_ids:1 nr_node_ids:1
[    0.000000] percpu: Embedded 46 pages/cpu @        (ptrval) s151552 r8192 d28672 u2097152
[    0.000000] PV qspinlock hash table entries: 256 (order: 0, 4096 bytes)
[    0.000000] Built 1 zonelists, mobility grouping on.  Total pages: 257913
[    0.000000] Policy zone: DMA32
[    0.000000] Kernel command line: BOOT_IMAGE=/boot/vmlinuz-4.15.0-54-generic root=UUID=7e8b22db-9849-4abd-a8e3-491271b94bd0 ro console=tty1 console=ttyS0
[    0.000000] Memory: 983104K/1048120K available (12300K kernel code, 2473K rwdata, 4272K rodata, 2408K init, 2416K bss, 65016K reserved, 0K cma-reserved)
[    0.000000] SLUB: HWalign=64, Order=0-3, MinObjects=0, CPUs=1, Nodes=1
[    0.000000] Kernel/User page tables isolation: enabled
[    0.000000] ftrace: allocating 39216 entries in 154 pages
[    0.004000] Hierarchical RCU implementation.
[    0.004000] 	RCU restricting CPUs from NR_CPUS=8192 to nr_cpu_ids=1.
[    0.004000] 	Tasks RCU enabled.
[    0.004000] RCU: Adjusting geometry for rcu_fanout_leaf=16, nr_cpu_ids=1
[    0.004000] NR_IRQS: 524544, nr_irqs: 256, preallocated irqs: 16
[    0.004000] Console: colour VGA+ 80x25
[    0.004000] console [tty1] enabled
[    0.004000] console [ttyS0] enabled
[    0.004000] ACPI: Core revision 20170831
[    0.004000] ACPI: 2 ACPI AML tables successfully acquired and loaded
[    0.004000] APIC: Switch to symmetric I/O mode setup
[    0.004000] x2apic enabled
[    0.004016] Switched APIC routing to physical x2apic.
[    0.011613] ..TIMER: vector=0x30 apic1=0 pin1=2 apic2=-1 pin2=-1
[    0.012011] tsc: Detected 2594.116 MHz processor
[    0.013960] Calibrating delay loop (skipped) preset value.. 5188.23 BogoMIPS (lpj=10376464)
[    0.016013] pid_max: default: 32768 minimum: 301
[    0.017990] Security Framework initialized
[    0.019316] Yama: becoming mindful.
[    0.020045] AppArmor: AppArmor initialized
[    0.023007] Dentry cache hash table entries: 131072 (order: 8, 1048576 bytes)
[    0.024134] Inode-cache hash table entries: 65536 (order: 7, 524288 bytes)
[    0.026218] Mount-cache hash table entries: 2048 (order: 2, 16384 bytes)
[    0.028016] Mountpoint-cache hash table entries: 2048 (order: 2, 16384 bytes)
[    0.032577] mce: CPU supports 0 MCE banks
[    0.034259] process: using mwait in idle threads
[    0.036021] Last level iTLB entries: 4KB 512, 2MB 8, 4MB 8
[    0.038044] Last level dTLB entries: 4KB 512, 2MB 32, 4MB 32, 1GB 0
[    0.040010] Spectre V2 : Mitigation: Full generic retpoline
[    0.041730] Spectre V2 : Spectre v2 / SpectreRSB mitigation: Filling RSB on context switch
[    0.044003] Speculative Store Bypass: Vulnerable
[    0.045536] MDS: Mitigation: Clear CPU buffers
[    0.071284] Freeing SMP alternatives memory: 36K
[    0.076000] smpboot: CPU0: Intel(R) Core(TM) i5-3230M CPU @ 2.60GHz (family: 0x6, model: 0x3a, stepping: 0x9)
[    0.076035] Performance Events: unsupported p6 CPU model 58 no PMU driver, software events only.
[    0.079560] Hierarchical SRCU implementation.
[    0.080870] NMI watchdog: Perf event create on CPU 0 failed with -2
[    0.084004] NMI watchdog: Perf NMI watchdog permanently disabled
[    0.086411] smp: Bringing up secondary CPUs ...
[    0.088009] smp: Brought up 1 node, 1 CPU
[    0.089585] smpboot: Max logical packages: 1
[    0.091012] smpboot: Total of 1 processors activated (5188.23 BogoMIPS)
[    0.092298] devtmpfs: initialized
[    0.093570] x86/mm: Memory block size: 128MB
[    0.096480] evm: security.selinux
[    0.097630] evm: security.SMACK64
[    0.099011] evm: security.SMACK64EXEC
[    0.100006] evm: security.SMACK64TRANSMUTE
[    0.101365] evm: security.SMACK64MMAP
[    0.103054] evm: security.apparmor
[    0.104010] evm: security.ima
[    0.105310] evm: security.capability
[    0.108398] clocksource: jiffies: mask: 0xffffffff max_cycles: 0xffffffff, max_idle_ns: 7645041785100000 ns
[    0.112050] futex hash table entries: 256 (order: 2, 16384 bytes)
[    0.116135] pinctrl core: initialized pinctrl subsystem
[    0.119218] RTC time: 16:48:30, date: 08/18/20
[    0.120327] NET: Registered protocol family 16
[    0.122257] audit: initializing netlink subsys (disabled)
[    0.124341] cpuidle: using governor ladder
[    0.125859] cpuidle: using governor menu
[    0.128020] audit: type=2000 audit(1597769319.838:1): state=initialized audit_enabled=0 res=1
[    0.131252] ACPI: bus type PCI registered
[    0.132011] acpiphp: ACPI Hot Plug PCI Controller Driver version: 0.5
[    0.136314] PCI: Using configuration type 1 for base access
[    0.144354] HugeTLB registered 2.00 MiB page size, pre-allocated 0 pages
[    0.148345] ACPI: Added _OSI(Module Device)
[    0.150447] ACPI: Added _OSI(Processor Device)
[    0.152000] ACPI: Added _OSI(3.0 _SCP Extensions)
[    0.152025] ACPI: Added _OSI(Processor Aggregator Device)
[    0.156054] ACPI: Added _OSI(Linux-Dell-Video)
[    0.157883] ACPI: Added _OSI(Linux-Lenovo-NV-HDMI-Audio)
[    0.160012] ACPI: Added _OSI(Linux-HPI-Hybrid-Graphics)
[    0.164235] ACPI: Executed 1 blocks of module-level executable AML code
[    0.180000] ACPI: Interpreter enabled
[    0.180041] ACPI: (supports S0 S5)
[    0.181462] ACPI: Using IOAPIC for interrupt routing
[    0.185118] PCI: Using host bridge windows from ACPI; if necessary, use "pci=nocrs" and report a bug
[    0.188511] ACPI: Enabled 2 GPEs in block 00 to 07
[    0.215017] ACPI: PCI Root Bridge [PCI0] (domain 0000 [bus 00-ff])
[    0.216027] acpi PNP0A03:00: _OSC: OS supports [ASPM ClockPM Segments MSI]
[    0.221226] acpi PNP0A03:00: _OSC: not requesting OS control; OS requires [ExtendedConfig ASPM ClockPM MSI]
[    0.224040] acpi PNP0A03:00: fail to add MMCONFIG information, can't access extended PCI configuration space under this bridge.
[    0.229010] PCI host bridge to bus 0000:00
[    0.230339] pci_bus 0000:00: root bus resource [io  0x0000-0x0cf7 window]
[    0.232008] pci_bus 0000:00: root bus resource [io  0x0d00-0xffff window]
[    0.234057] pci_bus 0000:00: root bus resource [mem 0x000a0000-0x000bffff window]
[    0.236007] pci_bus 0000:00: root bus resource [mem 0x40000000-0xfdffffff window]
[    0.238353] pci_bus 0000:00: root bus resource [bus 00-ff]
[    0.245479] pci 0000:00:01.1: legacy IDE quirk: reg 0x10: [io  0x01f0-0x01f7]
[    0.247959] pci 0000:00:01.1: legacy IDE quirk: reg 0x14: [io  0x03f6]
[    0.248007] pci 0000:00:01.1: legacy IDE quirk: reg 0x18: [io  0x0170-0x0177]
[    0.252007] pci 0000:00:01.1: legacy IDE quirk: reg 0x1c: [io  0x0376]
[    0.281719] pci 0000:00:07.0: quirk: [io  0x4000-0x403f] claimed by PIIX4 ACPI
[    0.284025] pci 0000:00:07.0: quirk: [io  0x4100-0x410f] claimed by PIIX4 SMB
[    0.304952] ACPI: PCI Interrupt Link [LNKA] (IRQs 5 9 10 *11)
[    0.307920] ACPI: PCI Interrupt Link [LNKB] (IRQs 5 9 *10 11)
[    0.308337] ACPI: PCI Interrupt Link [LNKC] (IRQs 5 *9 10 11)
[    0.312305] ACPI: PCI Interrupt Link [LNKD] (IRQs 5 9 10 *11)
[    0.314957] SCSI subsystem initialized
[    0.316219] pci 0000:00:02.0: vgaarb: setting as boot VGA device
[    0.318107] pci 0000:00:02.0: vgaarb: VGA device added: decodes=io+mem,owns=io+mem,locks=none
[    0.320000] pci 0000:00:02.0: vgaarb: bridge control possible
[    0.320004] vgaarb: loaded
[    0.321020] ACPI: bus type USB registered
[    0.324049] usbcore: registered new interface driver usbfs
[    0.325923] usbcore: registered new interface driver hub
[    0.328037] usbcore: registered new device driver usb
[    0.329721] EDAC MC: Ver: 3.0.0
[    0.332298] PCI: Using ACPI for IRQ routing
[    0.334214] NetLabel: Initializing
[    0.335366] NetLabel:  domain hash size = 128
[    0.336004] NetLabel:  protocols = UNLABELED CIPSOv4 CALIPSO
[    0.337768] NetLabel:  unlabeled traffic allowed by default
[    0.340043] clocksource: Switched to clocksource kvm-clock
[    0.380393] VFS: Disk quotas dquot_6.6.0
[    0.382072] VFS: Dquot-cache hash table entries: 512 (order 0, 4096 bytes)
[    0.384324] AppArmor: AppArmor Filesystem Enabled
[    0.385920] pnp: PnP ACPI init
[    0.390074] pnp: PnP ACPI: found 3 devices
[    0.398839] clocksource: acpi_pm: mask: 0xffffff max_cycles: 0xffffff, max_idle_ns: 2085701024 ns
[    0.401975] NET: Registered protocol family 2
[    0.403771] TCP established hash table entries: 8192 (order: 4, 65536 bytes)
[    0.406086] TCP bind hash table entries: 8192 (order: 5, 131072 bytes)
[    0.408319] TCP: Hash tables configured (established 8192 bind 8192)
[    0.411712] UDP hash table entries: 512 (order: 2, 16384 bytes)
[    0.413674] UDP-Lite hash table entries: 512 (order: 2, 16384 bytes)
[    0.415688] NET: Registered protocol family 1
[    0.417157] pci 0000:00:00.0: Limiting direct PCI/PCI transfers
[    0.419087] pci 0000:00:01.0: Activating ISA DMA hang workarounds
[    0.421124] pci 0000:00:02.0: Video device with shadowed ROM at [mem 0x000c0000-0x000dffff]
[    0.424018] Unpacking initramfs...
[    1.075481] Freeing initrd memory: 19664K
[    1.077269] clocksource: tsc: mask: 0xffffffffffffffff max_cycles: 0x256485898c4, max_idle_ns: 440795246280 ns
[    1.080518] platform rtc_cmos: registered platform RTC device (no PNP device found)
[    1.083017] Scanning for low memory corruption every 60 seconds
[    1.085903] Initialise system trusted keyrings
[    1.087315] Key type blacklist registered
[    1.088716] workingset: timestamp_bits=36 max_order=18 bucket_order=0
[    1.093729] zbud: loaded
[    1.095693] squashfs: version 4.0 (2009/01/31) Phillip Lougher
[    1.097798] fuse init (API version 7.26)
[    1.101100] Key type asymmetric registered
[    1.102797] Asymmetric key parser 'x509' registered
[    1.104831] Block layer SCSI generic (bsg) driver version 0.4 loaded (major 246)
[    1.107178] io scheduler noop registered
[    1.108440] io scheduler deadline registered
[    1.110136] io scheduler cfq registered (default)
[    1.112247] ACPI: AC Adapter [AC] (on-line)
[    1.113733] input: Power Button as /devices/LNXSYSTM:00/LNXPWRBN:00/input/input0
[    1.116185] ACPI: Power Button [PWRF]
[    1.117555] input: Sleep Button as /devices/LNXSYSTM:00/LNXSLPBN:00/input/input1
[    1.119890] ACPI: Sleep Button [SLPF]
[    1.123664] ACPI: Battery Slot [BAT0] (battery present)
[    1.125979] Serial: 8250/16550 driver, 32 ports, IRQ sharing enabled
[    1.149626] 00:02: ttyS0 at I/O 0x3f8 (irq = 4, base_baud = 115200) is a 16550A
[    1.155588] Linux agpgart interface v0.103
[    1.160786] loop: module loaded
[    1.162897] scsi host0: ata_piix
[    1.164039] scsi host1: ata_piix
[    1.165461] ata1: PATA max UDMA/33 cmd 0x1f0 ctl 0x3f6 bmdma 0xd000 irq 14
[    1.167547] ata2: PATA max UDMA/33 cmd 0x170 ctl 0x376 bmdma 0xd008 irq 15
[    1.170477] libphy: Fixed MDIO Bus: probed
[    1.171821] tun: Universal TUN/TAP device driver, 1.6
[    1.173515] PPP generic driver version 2.4.2
[    1.174999] ehci_hcd: USB 2.0 'Enhanced' Host Controller (EHCI) Driver
[    1.177187] ehci-pci: EHCI PCI platform driver
[    1.178662] ehci-platform: EHCI generic platform driver
[    1.180374] ohci_hcd: USB 1.1 'Open' Host Controller (OHCI) Driver
[    1.182437] ohci-pci: OHCI PCI platform driver
[    1.183891] ohci-platform: OHCI generic platform driver
[    1.185703] uhci_hcd: USB Universal Host Controller Interface driver
[    1.187733] i8042: PNP: PS/2 Controller [PNP0303:PS2K,PNP0f03:PS2M] at 0x60,0x64 irq 1,12
[    1.191128] serio: i8042 KBD port at 0x60,0x64 irq 1
[    1.193013] serio: i8042 AUX port at 0x60,0x64 irq 12
[    1.194764] mousedev: PS/2 mouse device common for all mice
[    1.197056] input: AT Translated Set 2 keyboard as /devices/platform/i8042/serio0/input/input2
[    1.200512] rtc_cmos rtc_cmos: rtc core: registered rtc_cmos as rtc0
[    1.202653] rtc_cmos rtc_cmos: alarms up to one day, 114 bytes nvram
[    1.204027] i2c /dev entries driver
[    1.206106] device-mapper: uevent: version 1.0.3
[    1.207702] device-mapper: ioctl: 4.37.0-ioctl (2017-09-20) initialised: dm-devel@redhat.com
[    1.210565] ledtrig-cpu: registered to indicate activity on CPUs
[    1.213160] NET: Registered protocol family 10
[    1.220883] Segment Routing with IPv6
[    1.222735] NET: Registered protocol family 17
[    1.224699] Key type dns_resolver registered
[    1.226798] RAS: Correctable Errors collector initialized.
[    1.229253] sched_clock: Marking stable (1229133867, 0)->(1703007491, -473873624)
[    1.232652] registered taskstats version 1
[    1.234490] Loading compiled-in X.509 certificates
[    1.240690] Loaded X.509 cert 'Build time autogenerated kernel key: 1cc14bc8298a06d551159822c55fa35abd77a621'
[    1.244568] zswap: loaded using pool lzo/zbud
[    1.253856] Key type big_key registered
[    1.255492] Key type trusted registered
[    1.261079] Key type encrypted registered
[    1.263305] AppArmor: AppArmor sha1 policy hashing enabled
[    1.266393] ima: No TPM chip found, activating TPM-bypass! (rc=-19)
[    1.268680] ima: Allocated hash algorithm: sha1
[    1.270760] evm: HMAC attrs: 0x1
[    1.272917]   Magic number: 0:849:843
[    1.274797] rtc_cmos rtc_cmos: setting system clock to 2020-08-18 16:48:31 UTC (1597769311)
[    1.278616] BIOS EDD facility v0.16 2004-Jun-25, 0 devices found
[    1.281148] EDD information not available.
[    1.366630] Freeing unused kernel image memory: 2408K
[    1.368451] Write protecting the kernel read-only data: 20480k
[    1.371510] Freeing unused kernel image memory: 2008K
[    1.373723] Freeing unused kernel image memory: 1872K
[    1.412784] x86/mm: Checked W+X mappings: passed, no W+X pages found.
[    1.414815] x86/mm: Checking user space page tables
[    1.452110] x86/mm: Checked W+X mappings: passed, no W+X pages found.
Loading, please wait...
starting version 237
[    1.683735] Fusion MPT base driver 3.04.20
[    1.685168] Copyright (c) 1999-2008 LSI Corporation
[    1.703396] e1000: Intel(R) PRO/1000 Network Driver - version 7.3.21-k8-NAPI
[    1.705891] e1000: Copyright (c) 1999-2006 Intel Corporation.
[    1.736554] Fusion MPT SPI Host driver 3.04.20
[    1.781179] AVX version of gcm_enc/dec engaged.
[    1.782678] AES CTR mode by8 optimization enabled
[    1.923296] input: ImExPS/2 Generic Explorer Mouse as /devices/platform/i8042/serio1/input/input4
[    2.242212] e1000 0000:00:03.0 eth0: (PCI:33MHz:32-bit) 02:54:57:2b:5c:0a
[    2.244565] e1000 0000:00:03.0 eth0: Intel(R) PRO/1000 Network Connection
[    2.249004] mptbase: ioc0: Initiating bringup
[    2.345485] ioc0: LSI53C1030 A0: Capabilities={Initiator}
[    2.601764] scsi host2: ioc0: LSI53C1030 A0, FwRev=00000000h, Ports=1, MaxQ=256, IRQ=20
[    2.779062] scsi 2:0:0:0: Direct-Access     VBOX     HARDDISK         1.0  PQ: 0 ANSI: 5
[    2.792251] scsi target2:0:0: Beginning Domain Validation
[    2.801570] random: fast init done
[    2.806619] scsi target2:0:0: Domain Validation skipping write tests
[    2.812024] scsi target2:0:0: Ending Domain Validation
[    2.816696] scsi target2:0:0: asynchronous
[    2.822159] scsi 2:0:1:0: Direct-Access     VBOX     HARDDISK         1.0  PQ: 0 ANSI: 5
[    2.830496] scsi target2:0:1: Beginning Domain Validation
[    2.902756] scsi target2:0:1: Domain Validation skipping write tests
[    2.904807] scsi target2:0:1: Ending Domain Validation
[    2.917198] scsi target2:0:1: asynchronous
[    3.006173] sd 2:0:0:0: [sda] 20971520 512-byte logical blocks: (10.7 GB/10.0 GiB)
[    3.009503] sd 2:0:0:0: Attached scsi generic sg0 type 0
[    3.011303] sd 2:0:0:0: [sda] Write Protect is off
[    3.013468] sd 2:0:0:0: [sda] Incomplete mode parameter data
[    3.015318] sd 2:0:0:0: [sda] Assuming drive cache: write through
[    3.017383] sd 2:0:1:0: [sdb] 20480 512-byte logical blocks: (10.5 MB/10.0 MiB)
[    3.019884] sd 2:0:1:0: [sdb] Write Protect is off
[    3.021482] sd 2:0:1:0: Attached scsi generic sg1 type 0
[    3.023702] random: systemd-udevd: uninitialized urandom read (16 bytes read)
[    3.026149] sd 2:0:1:0: [sdb] Incomplete mode parameter data
[    3.027916] sd 2:0:1:0: [sdb] Assuming drive cache: write through
[    3.029928] random: systemd-udevd: uninitialized urandom read (16 bytes read)
[    3.032053] random: systemd-udevd: uninitialized urandom read (16 bytes read)
[    3.078577]  sda: sda1
[    3.080954] sd 2:0:0:0: [sda] Attached SCSI disk
[    3.116391] sd 2:0:1:0: [sdb] Attached SCSI disk
[    3.320943] e1000 0000:00:08.0 eth1: (PCI:33MHz:32-bit) 08:00:27:46:cb:ff
[    3.323054] e1000 0000:00:08.0 eth1: Intel(R) PRO/1000 Network Connection
[    3.327503] e1000 0000:00:08.0 enp0s8: renamed from eth1
[    3.334698] e1000 0000:00:03.0 enp0s3: renamed from eth0
Begin: Loading essential drivers ... [    5.336377] raid6: sse2x1   gen()  2686 MB/s
[    5.384205] raid6: sse2x1   xor()  1711 MB/s
[    5.432037] raid6: sse2x2   gen()  6029 MB/s
[    5.480364] raid6: sse2x2   xor()  2806 MB/s
[    5.528192] raid6: sse2x4   gen()  6745 MB/s
[    5.576521] raid6: sse2x4   xor()  3864 MB/s
[    5.578001] raid6: using algorithm sse2x4 gen() 6745 MB/s
[    5.579910] raid6: .... xor() 3864 MB/s, rmw enabled
[    5.581524] raid6: using ssse3x2 recovery algorithm
[    5.586065] xor: automatically using best checksumming function   avx       
[    5.591111] async_tx: api initialized (async)
done.
Begin: Running /scripts/init-premount ... done.
Begin: Mounting root file system ... Begin: Running /scripts/local-top ... done.
Begin: Running /scripts/local-premount ... [    5.705249] Btrfs loaded, crc32c=crc32c-intel
Scanning for Btrfs filesystems
done.
Warning: fsck not present, so skipping root file system
[    5.812879] EXT4-fs (sda1): mounted filesystem with ordered data mode. Opts: (null)
done.
Begin: Running /scripts/local-bottom ... done.
Begin: Running /scripts/init-bottom ... done.
[    7.288242] ip_tables: (C) 2000-2006 Netfilter Core Team
[    7.421025] systemd[1]: systemd 237 running in system mode. (+PAM +AUDIT +SELINUX +IMA +APPARMOR +SMACK +SYSVINIT +UTMP +LIBCRYPTSETUP +GCRYPT +GNUTLS +ACL +XZ +LZ4 +SECCOMP +BLKID +ELFUTILS +KMOD -IDN2 +IDN -PCRE2 default-hierarchy=hybrid)
[    7.438422] systemd[1]: Detected virtualization oracle.
[    7.443002] systemd[1]: Detected architecture x86-64.

Welcome to [1mUbuntu 18.04.4 LTS[0m!

[    7.550413] random: crng init done
[    7.554236] random: 7 urandom warning(s) missed due to ratelimiting
[    7.560566] systemd[1]: Set hostname to <bionic>.
[   10.528980] systemd[1]: Reached target User and Group Name Lookups.
[[0;32m  OK  [0m] Reached target User and Group Name Lookups.
[   10.534623] systemd[1]: Created slice System Slice.
[[0;32m  OK  [0m] Created slice System Slice.
[   10.538244] systemd[1]: Listening on Journal Socket (/dev/log).
[[0;32m  OK  [0m] Listening on Journal Socket (/dev/log).
[   10.542460] systemd[1]: Listening on Network Service Netlink Socket.
[[0;32m  OK  [0m] Listening on Network Service Netlink Socket.
[   10.546878] systemd[1]: Listening on Syslog Socket.
[[0;32m  OK  [0m] Listening on Syslog Socket.
[   10.550584] systemd[1]: Listening on udev Control Socket.
[[0;32m  OK  [0m] Listening on udev Control Socket.
[[0;32m  OK  [0m] Listening on udev Kernel Socket.
[[0;32m  OK  [0m] Listening on LVM2 poll daemon socket.
[[0;32m  OK  [0m] Listening on LVM2 metadata daemon socket.
[[0;32m  OK  [0m] Listening on Device-mapper event daemon FIFOs.
[[0;32m  OK  [0m] Set up automount Arbitrary Executab…rmats File System Automount Point.
[[0;32m  OK  [0m] Started Forward Password Requests to Wall Directory Watch.
[[0;32m  OK  [0m] Listening on Journal Audit Socket.
[[0;32m  OK  [0m] Created slice system-serial\x2dgetty.slice.
[[0;32m  OK  [0m] Reached target Swap.
[[0;32m  OK  [0m] Reached target System Time Synchronized.
[[0;32m  OK  [0m] Listening on /dev/initctl Compatibility Named Pipe.
[[0;32m  OK  [0m] Listening on Journal Socket.
         Mounting POSIX Message Queue File System...
         Mounting Kernel Debug File System...
         Starting Set the console keyboard layout...
         Mounting Huge Pages File System...
         Starting Monitoring of LVM2 mirrors…ng dmeventd or progress polling...
         Starting Remount Root and Kernel File Systems...
         Starting Create list of required st…ce nodes for the current kernel...
         Starting Load Kernel Modules...
         Starting Journal Service...
         Starting Uncomplicated firewall...
         Starting udev Coldplug all Devices...
[[0;32m  OK  [0m] Created slice User and Session Slice.
[[0;32m  OK  [0m] Reached target Slices.
[[0;32m  OK  [0m] Mounted POSIX Message Queue File System.
[[0;32m  OK  [0m] Mounted Kernel Debug File System.
[[0;32m  OK  [0m] Mounted Huge Pages File System.
[[0;32m  OK  [0m] Started Create list of required sta…vice nodes for the current kernel.
         Starting Create Static Device Nodes in /dev...
[[0;32m  OK  [0m] Started LVM2 metadata daemon.
[   11.029335] EXT4-fs (sda1): re-mounted. Opts: (null)
[[0;32m  OK  [0m] Started Remount Root and Kernel File Systems.
         Starting Load/Save Random Seed...
[[0;32m  OK  [0m] Started udev Coldplug all Devices.
[[0;32m  OK  [0m] Started Uncomplicated firewall.
[   11.398257] Loading iSCSI transport class v2.0-870.
[[0;32m  OK  [0m] Started Journal Service.
         Starting Flush Journal to Persistent Storage...
[[0;32m  OK  [0m] Started Load/Save Random Seed.
[[0;32m  OK  [0m] Started Monitoring of LVM2 mirrors,…sing dmeventd or progress polling.
[   11.568026] iscsi: registered transport (tcp)
[   11.652423] systemd-journald[403]: Received request to flush runtime journal from PID 1
[[0;32m  OK  [0m] Started Set the console keyboard layout.
[   11.681505] iscsi: registered transport (iser)
[[0;32m  OK  [0m] Started Load Kernel Modules.
         Mounting FUSE Control File System...
         Mounting Kernel Configuration File System...
         Starting Apply Kernel Variables...
[[0;32m  OK  [0m] Started Create Static Device Nodes in /dev.
[[0;32m  OK  [0m] Mounted FUSE Control File System.
[[0;32m  OK  [0m] Mounted Kernel Configuration File System.
         Starting udev Kernel Device Manager...
[[0;32m  OK  [0m] Reached target Local File Systems (Pre).
[[0;32m  OK  [0m] Reached target Local File Systems.
         Starting Tell Plymouth To Write Out Runtime Data...
         Starting Set console font and keymap...
         Starting ebtables ruleset management...
         Starting AppArmor initialization...
[[0;32m  OK  [0m] Started Tell Plymouth To Write Out Runtime Data.
[[0;32m  OK  [0m] Started Set console font and keymap.
[[0;32m  OK  [0m] Started Apply Kernel Variables.
[[0;32m  OK  [0m] Started Flush Journal to Persistent Storage.
         Starting Create Volatile Files and Directories...
[[0;32m  OK  [0m] Started udev Kernel Device Manager.
[[0;32m  OK  [0m] Started Dispatch Password Requests to Console Directory Watch.
[[0;32m  OK  [0m] Reached target Local Encrypted Volumes.
[[0;32m  OK  [0m] Started Create Volatile Files and Directories.
         Starting Update UTMP about System Boot/Shutdown...
[[0;32m  OK  [0m] Started ebtables ruleset management.
[[0;32m  OK  [0m] Started Update UTMP about System Boot/Shutdown.
[[0;32m  OK  [0m] Started AppArmor initialization.
         Starting Initial cloud-init job (pre-networking)...
[[0;32m  OK  [0m] Found device /dev/ttyS0.
[[0;32m  OK  [0m] Listening on Load/Save RF Kill Switch Status /dev/rfkill Watch.
[   20.937540] cloud-init[513]: Cloud-init v. 19.4-33-gbb4131a2-0ubuntu1~18.04.1 running 'init-local' at Tue, 18 Aug 2020 16:48:50 +0000. Up 20.22 seconds.
[[0;32m  OK  [0m] Started Initial cloud-init job (pre-networking).
[[0;32m  OK  [0m] Reached target Network (Pre).
         Starting Network Service...
[[0;32m  OK  [0m] Started Network Service.
         Starting Wait for Network to be Configured...
         Starting Network Name Resolution...
[[0;32m  OK  [0m] Started Network Name Resolution.
[[0;32m  OK  [0m] Reached target Network.
[[0;32m  OK  [0m] Reached target Host and Network Name Lookups.
[[0;32m  OK  [0m] Started Wait for Network to be Configured.
         Starting Initial cloud-init job (metadata service crawler)...
[   25.434539] cloud-init[663]: Cloud-init v. 19.4-33-gbb4131a2-0ubuntu1~18.04.1 running 'init' at Tue, 18 Aug 2020 16:48:55 +0000. Up 25.04 seconds.
[   25.436786] cloud-init[663]: ci-info: ++++++++++++++++++++++++++++++++++++++Net device info+++++++++++++++++++++++++++++++++++++++
[   25.448285] cloud-init[663]: ci-info: +--------+------+-----------------------------+---------------+--------+-------------------+
[   25.460216] cloud-init[663]: ci-info: | Device |  Up  |           Address           |      Mask     | Scope  |     Hw-Address    |
[   25.462120] cloud-init[663]: ci-info: +--------+------+-----------------------------+---------------+--------+-------------------+
[   25.464131] cloud-init[663]: ci-info: | enp0s3 | True |          10.0.2.15          | 255.255.255.0 | global | 02:54:57:2b:5c:0a |
[   25.466208] cloud-init[663]: ci-info: | enp0s3 | True |  fe80::54:57ff:fe2b:5c0a/64 |       .       |  link  | 02:54:57:2b:5c:0a |
[   25.468294] cloud-init[663]: ci-info: | enp0s8 | True |        192.168.33.84        | 255.255.255.0 | global | 08:00:27:46:cb:ff |
[   25.470432] cloud-init[663]: ci-info: | enp0s8 | True | fe80::a00:27ff:fe46:cbff/64 |       .       |  link  | 08:00:27:46:cb:ff |
[   25.473036] cloud-init[663]: ci-info: |   lo   | True |          127.0.0.1          |   255.0.0.0   |  host  |         .         |
[   25.478530] cloud-init[663]: ci-info: |   lo   | True |           ::1/128           |       .       |  host  |         .         |
[   25.482775] cloud-init[663]: ci-info: +--------+------+-----------------------------+---------------+--------+-------------------+
[   25.484849] cloud-init[663]: ci-info: +++++++++++++++++++++++++++++Route IPv4 info+++++++++++++++++++++++++++++
[   25.486767] cloud-init[663]: ci-info: +-------+--------------+----------+-----------------+-----------+-------+
[   25.488575] cloud-init[663]: ci-info: | Route | Destination  | Gateway  |     Genmask     | Interface | Flags |
[   25.490485] cloud-init[663]: ci-info: +-------+--------------+----------+-----------------+-----------+-------+
[   25.497358] cloud-init[663]: ci-info: |   0   |   0.0.0.0    | 10.0.2.2 |     0.0.0.0     |   enp0s3  |   UG  |
[   25.503628] cloud-init[663]: ci-info: |   1   |   10.0.2.0   | 0.0.0.0  |  255.255.255.0  |   enp0s3  |   U   |
[   25.506835] cloud-init[663]: ci-info: |   2   |   10.0.2.2   | 0.0.0.0  | 255.255.255.255 |   enp0s3  |   UH  |
[   25.512581] cloud-init[663]: ci-info: |   3   | 192.168.33.0 | 0.0.0.0  |  255.255.255.0  |   enp0s8  |   U   |
[   25.515871] cloud-init[663]: ci-info: +-------+--------------+----------+-----------------+-----------+-------+
[   25.521795] cloud-init[663]: ci-info: +++++++++++++++++++Route IPv6 info+++++++++++++++++++
[   25.524280] cloud-init[663]: ci-info: +-------+-------------+---------+-----------+-------+
[   25.528585] cloud-init[663]: ci-info: | Route | Destination | Gateway | Interface | Flags |
[   25.532523] cloud-init[663]: ci-info: +-------+-------------+---------+-----------+-------+
[   25.534138] cloud-init[663]: ci-info: |   1   |  fe80::/64  |    ::   |   enp0s8  |   U   |
[   25.536851] cloud-init[663]: ci-info: |   2   |  fe80::/64  |    ::   |   enp0s3  |   U   |
[   25.538561] cloud-init[663]: ci-info: |   4   |    local    |    ::   |   enp0s3  |   U   |
[   25.540342] cloud-init[663]: ci-info: |   5   |    local    |    ::   |   enp0s8  |   U   |
[   25.541922] cloud-init[663]: ci-info: |   6   |   ff00::/8  |    ::   |   enp0s8  |   U   |
[   25.543600] cloud-init[663]: ci-info: |   7   |   ff00::/8  |    ::   |   enp0s3  |   U   |
[   25.545266] cloud-init[663]: ci-info: +-------+-------------+---------+-----------+-------+
[[0;32m  OK  [0m] Started Initial cloud-init job (metadata service crawler).
[[0;32m  OK  [0m] Reached target Network is Online.
         Starting Availability of block devices...
[[0;32m  OK  [0m] Reached target Remote File Systems (Pre).
[[0;32m  OK  [0m] Reached target Remote File Systems.
[[0;32m  OK  [0m] Reached target Cloud-config availability.
[[0;32m  OK  [0m] Reached target System Initialization.
         Starting Socket activation for snappy daemon.
[[0;32m  OK  [0m] Started Daily Cleanup of Temporary Directories.
[[0;32m  OK  [0m] Started Discard unused blocks once a week.
         Starting LXD - unix socket.
[[0;32m  OK  [0m] Started ACPI Events Check.
[[0;32m  OK  [0m] Reached target Paths.
[[0;32m  OK  [0m] Started Clean PHP session files every 30 mins.
[[0;32m  OK  [0m] Listening on Open-iSCSI iscsid Socket.
[[0;32m  OK  [0m] Listening on D-Bus System Message Bus Socket.
[[0;32m  OK  [0m] Started Message of the Day.
[[0;32m  OK  [0m] Listening on ACPID Listen Socket.
[[0;32m  OK  [0m] Listening on UUID daemon activation socket.
[[0;32m  OK  [0m] Started Daily apt download activities.
[[0;32m  OK  [0m] Started Daily apt upgrade and clean activities.
[[0;32m  OK  [0m] Reached target Timers.
[[0;32m  OK  [0m] Started Availability of block devices.
[[0;32m  OK  [0m] Listening on Socket activation for snappy daemon.
[[0;32m  OK  [0m] Listening on LXD - unix socket.
[[0;32m  OK  [0m] Reached target Sockets.
[[0;32m  OK  [0m] Reached target Basic System.
         Starting MySQL Community Server...
         Starting Accounts Service...
         Starting The Apache HTTP Server...
[[0;32m  OK  [0m] Started Regular background program processing daemon.
         Starting Clean php session files...
         Starting Permit User Sessions...
[[0;32m  OK  [0m] Started Deferred execution scheduler.
         Starting LSB: Record successful boot for GRUB...
         Starting LSB: automatic crash report generation...
         Starting LXD - container startup/shutdown...
         Starting System Logging Service...
         Starting Discard unused blocks...
[[0;32m  OK  [0m] Started D-Bus System Message Bus.
         Starting Virtualbox guest utils...
         Starting OpenBSD Secure Shell server...
         Starting Login Service...
         Starting Message of the Day...
[[0;32m  OK  [0m] Started irqbalance daemon.
[[0;32m  OK  [0m] Started FUSE filesystem for LXC.
         Starting The PHP 7.2 FastCGI Process Manager...
         Starting Dispatcher daemon for systemd-networkd...
         Starting Snappy daemon...
[[0;32m  OK  [0m] Started System Logging Service.
[[0;32m  OK  [0m] Started Permit User Sessions.
[[0;32m  OK  [0m] Started Discard unused blocks.
[[0;32m  OK  [0m] Started Login Service.
[[0;32m  OK  [0m] Started Unattended Upgrades Shutdown.
         Starting Authorization Manager...
         Starting Hold until boot process finishes up...
         Starting Terminate Plymouth Boot Screen...
[[0;32m  OK  [0m] Started Hold until boot process finishes up.
[[0;32m  OK  [0m] Started Terminate Plymouth Boot Screen.
[[0;32m  OK  [0m] Started Serial Getty on ttyS0.
         Starting Set console scheme...
[[0;32m  OK  [0m] Started LSB: automatic crash report generation.
[[0;32m  OK  [0m] Started Set console scheme.
[[0;32m  OK  [0m] Created slice system-getty.slice.
[[0;32m  OK  [0m] Started Getty on tty1.
[[0;32m  OK  [0m] Reached target Login Prompts.
[[0;32m  OK  [0m] Started LSB: Record successful boot for GRUB.
[[0;32m  OK  [0m] Started Virtualbox guest utils.
[[0;32m  OK  [0m] Started Authorization Manager.
[[0;32m  OK  [0m] Started Accounts Service.
[[0;32m  OK  [0m] Started OpenBSD Secure Shell server.
[[0;32m  OK  [0m] Started The Apache HTTP Server.
[[0;32m  OK  [0m] Started Dispatcher daemon for systemd-networkd.

Ubuntu 18.04.4 LTS bionic ttyS0

bionic login: [   43.627920] cloud-init[1307]: Cloud-init v. 19.4-33-gbb4131a2-0ubuntu1~18.04.1 running 'modules:config' at Tue, 18 Aug 2020 16:49:12 +0000. Up 41.83 seconds.
[   50.216976] cloud-init[1614]: Cloud-init v. 19.4-33-gbb4131a2-0ubuntu1~18.04.1 running 'modules:final' at Tue, 18 Aug 2020 16:49:19 +0000. Up 49.49 seconds.
[   50.219663] cloud-init[1614]: Cloud-init v. 19.4-33-gbb4131a2-0ubuntu1~18.04.1 finished at Tue, 18 Aug 2020 16:49:20 +0000. Datasource DataSourceNoCloud [seed=/dev/sdb][dsmode=net].  Up 50.14 seconds
[[0;32m  OK  [0m] Stopped target Timers.
[[0;32m  OK  [0m] Stopped Discard unused blocks once a week.
[[0;32m  OK  [0m] Stopped Message of the Day.
[[0;32m  OK  [0m] Stopped Daily Cleanup of Temporary Directories.
[[0;32m  OK  [0m] Stopped target Graphical Interface.
         Stopping Accounts Service...
[[0;32m  OK  [0m] Closed Load/Save RF Kill Switch Status /dev/rfkill Watch.
         Stopping User Manager for UID 1000...
         Stopping Authorization Manager...
         Stopping Session 4 of user vagrant.
[[0;32m  OK  [0m] Stopped target Cloud-init target.
[[0;32m  OK  [0m] Stopped Execute cloud user/final scripts.
[[0;32m  OK  [0m] Stopped Apply the settings specified in cloud-config.
[[0;32m  OK  [0m] Stopped target Cloud-config availability.
[[0;32m  OK  [0m] Stopped target Network is Online.
[[0;32m  OK  [0m] Stopped target Multi-User System.
         Stopping LSB: automatic crash report generation...
         Stopping MySQL Community Server...
         Stopping Dispatcher daemon for systemd-networkd...
[[0;32m  OK  [0m] Stopped Wait until snapd is fully seeded.
         Stopping Regular background program processing daemon...
         Stopping FUSE filesystem for LXC...
[[0;32m  OK  [0m] Stopped target Login Prompts.
         Stopping Getty on tty1...
         Stopping Serial Getty on ttyS0...
         Stopping D-Bus System Message Bus...
         Stopping The Apache HTTP Server...
         Stopping LSB: Record successful boot for GRUB...
         Stopping LXD - container startup/shutdown...
         Stopping Virtualbox guest utils...
         Stopping System Logging Service...
         Stopping OpenBSD Secure Shell server...
         Stopping Availability of block devices...
[[0;32m  OK  [0m] Stopped Clean PHP session files every 30 mins.
         Stopping The PHP 7.2 FastCGI Process Manager...
         Stopping Deferred execution scheduler...
         Stopping Unattended Upgrades Shutdown...
[[0;32m  OK  [0m] Unmounted /var/lib/lxcfs.
[[0;32m  OK  [0m] Stopped Accounts Service.
[[0;32m  OK  [0m] Stopped Regular background program processing daemon.
[[0;32m  OK  [0m] Stopped Deferred execution scheduler.
[[0;32m  OK  [0m] Stopped Dispatcher daemon for systemd-networkd.
[[0;32m  OK  [0m] Stopped Authorization Manager.
[[0;32m  OK  [0m] Stopped Serial Getty on ttyS0.
[[0;32m  OK  [0m] Stopped System Logging Service.
[[0;32m  OK  [0m] Stopped Getty on tty1.
[[0;32m  OK  [0m] Stopped OpenBSD Secure Shell server.
[[0;32m  OK  [0m] Stopped Daily apt upgrade and clean activities.
[[0;32m  OK  [0m] Stopped User Manager for UID 1000.
[[0;32m  OK  [0m] Stopped D-Bus System Message Bus.
[[0;32m  OK  [0m] Stopped Session 4 of user vagrant.
[[0;32m  OK  [0m] Stopped FUSE filesystem for LXC.
[[0;32m  OK  [0m] Removed slice User Slice of vagrant.
[[0;32m  OK  [0m] Stopped Daily apt upgrade and clean activities.
[[0;32m  OK  [0m] Stopped Daily apt download activities.
[[0;32m  OK  [0m] Stopped target System Time Synchronized.
[[0;32m  OK  [0m] Removed slice system-getty.slice.
         Stopping Permit User Sessions...
[[0;32m  OK  [0m] Removed slice system-serial\x2dgetty.slice.
[[0;32m  OK  [0m] Stopped LXD - container startup/shutdown.
[[0;32m  OK  [0m] Stopped Permit User Sessions.
[[0;32m  OK  [0m] Unmounted /run/user/1000.
[[0;32m  OK  [0m] Stopped LSB: Record successful boot for GRUB.
[[0;32m  OK  [0m] Stopped Availability of block devices.
[[0;32m  OK  [0m] Stopped LSB: automatic crash report generation.
[[0;32m  OK  [0m] Stopped Virtualbox guest utils.
[[0;32m  OK  [0m] Stopped The PHP 7.2 FastCGI Process Manager.
[[0;32m  OK  [0m] Stopped MySQL Community Server.
[[0;32m  OK  [0m] Stopped The Apache HTTP Server.
[[0;32m  OK  [0m] Stopped target Remote File Systems.
[[0;32m  OK  [0m] Stopped target Remote File Systems (Pre).
[[0;32m  OK  [0m] Stopped target Host and Network Name Lookups.
[   [0;31m*[0;1;31m*[0m[0;31m*[0m] A stop job is running for Unattended Upgrades Shutdown (9s / 30min)[K[  [0;31m*[0;1;31m*[0m[0;31m* [0m] A stop job is running for Unattended Upgrades Shutdown (10s / 30min)[K[ [0;31m*[0;1;31m*[0m[0;31m*  [0m] A stop job is running for Unattended Upgrades Shutdown (10s / 30min)[K[[0;31m*[0;1;31m*[0m[0;31m*   [0m] A stop job is running for Unattended Upgrades Shutdown (11s / 30min)[K[[0;1;31m*[0m[0;31m*    [0m] A stop job is running for Unattended Upgrades Shutdown (11s / 30min)[K[[0m[0;31m*     [0m] A stop job is running for Unattended Upgrades Shutdown (12s / 30min)[K[[0;1;31m*[0m[0;31m*    [0m] A stop job is running for Unattended Upgrades Shutdown (12s / 30min)[K[[0;31m*[0;1;31m*[0m[0;31m*   [0m] A stop job is running for Unattended Upgrades Shutdown (13s / 30min)[K[ [0;31m*[0;1;31m*[0m[0;31m*  [0m] A stop job is running for Unattended Upgrades Shutdown (13s / 30min)[K[[0;32m  OK  [0m] Stopped Unattended Upgrades Shutdown.
         Stopping Login Service...
[[0;32m  OK  [0m] Stopped target Network.
         Stopping Network Name Resolution...
[[0;32m  OK  [0m] Stopped Login Service.
[[0;32m  OK  [0m] Stopped target User and Group Name Lookups.
[[0;32m  OK  [0m] Stopped target Basic System.
[[0;32m  OK  [0m] Stopped target Paths.
[[0;32m  OK  [0m] Stopped ACPI Events Check.
[[0;32m  OK  [0m] Stopped target Sockets.
[[0;32m  OK  [0m] Closed UUID daemon activation socket.
[[0;32m  OK  [0m] Closed ACPID Listen Socket.
[[0;32m  OK  [0m] Closed Socket activation for snappy daemon.
[[0;32m  OK  [0m] Closed D-Bus System Message Bus Socket.
[[0;32m  OK  [0m] Closed Open-iSCSI iscsid Socket.
[[0;32m  OK  [0m] Closed LXD - unix socket.
[[0;32m  OK  [0m] Stopped target System Initialization.
[[0;32m  OK  [0m] Stopped Initial cloud-init job (metadata service crawler).
         Stopping Update UTMP about System Boot/Shutdown...
         Stopping Load/Save Random Seed...
[[0;32m  OK  [0m] Stopped target Local Encrypted Volumes.
[[0;32m  OK  [0m] Stopped Forward Password Requests to Wall Directory Watch.
[[0;32m  OK  [0m] Stopped Dispatch Password Requests to Console Directory Watch.
[[0;32m  OK  [0m] Stopped target Swap.
[[0;32m  OK  [0m] Closed Syslog Socket.
[[0;32m  OK  [0m] Stopped target Slices.
[[0;32m  OK  [0m] Removed slice User and Session Slice.
[[0;32m  OK  [0m] Stopped Network Name Resolution.
         Stopping Network Service...
[[0;32m  OK  [0m] Stopped Update UTMP about System Boot/Shutdown.
[[0;32m  OK  [0m] Stopped Create Volatile Files and Directories.
[[0;32m  OK  [0m] Stopped target Local File Systems.
         Unmounting /var/www/html...
         Unmounting /vagrant...
[[0;32m  OK  [0m] Unmounted /vagrant.
[[0;32m  OK  [0m] Unmounted /var/www/html.
[[0;32m  OK  [0m] Reached target Unmount All Filesystems.
[[0;32m  OK  [0m] Stopped target Local File Systems (Pre).
[[0;32m  OK  [0m] Stopped Create Static Device Nodes in /dev.
         Stopping Monitoring of LVM2 mirrors…ng dmeventd or progress polling...
[[0;32m  OK  [0m] Stopped Load/Save Random Seed.
[[0;32m  OK  [0m] Stopped Network Service.
[[0;32m  OK  [0m] Stopped target Network (Pre).
[[0;32m  OK  [0m] Stopped Initial cloud-init job (pre-networking).
[[0;32m  OK  [0m] Stopped Remount Root and Kernel File Systems.
[[0;32m  OK  [0m] Stopped Apply Kernel Variables.
[[0;32m  OK  [0m] Stopped Load Kernel Modules.
[[0;32m  OK  [0m] Reached target Shutdown.
[[0;32m  OK  [0m] Reached target Final Step.
         Starting Power-Off...
[  488.700314] reboot: Power down
